TN:
SF:/home/user/vega/projects/glace/glace-video/lib/config.js
FNF:0
FNH:0
DA:11,1
DA:13,1
DA:14,1
DA:16,1
DA:17,0
DA:20,1
DA:21,1
DA:22,1
DA:24,1
LF:9
LH:8
BRDA:16,0,0,0
BRDA:16,0,1,1
BRF:2
BRH:1
end_of_record
TN:
SF:/home/user/vega/projects/glace/glace-video/lib/globals.js
FN:14,(anonymous_0)
FN:42,(anonymous_1)
FNF:2
FNH:1
FNDA:18,(anonymous_0)
FNDA:0,(anonymous_1)
DA:9,1
DA:11,1
DA:13,1
DA:14,1
DA:16,18
DA:17,16
DA:18,16
DA:19,16
DA:21,18
DA:22,0
DA:23,0
DA:25,18
DA:26,18
DA:28,18
DA:29,18
DA:31,18
DA:32,0
DA:33,0
DA:38,18
DA:41,1
DA:42,1
DA:44,0
DA:45,0
DA:46,0
DA:47,0
DA:48,0
DA:50,0
DA:51,0
DA:52,0
DA:53,0
DA:55,0
DA:56,0
DA:57,0
DA:59,0
DA:60,0
DA:61,0
DA:63,0
DA:64,0
DA:66,0
DA:67,0
DA:68,0
DA:73,0
DA:76,1
DA:77,1
LF:44
LH:19
BRDA:16,0,0,16
BRDA:16,0,1,2
BRDA:21,1,0,0
BRDA:21,1,1,18
BRDA:25,2,0,18
BRDA:25,2,1,2
BRDA:26,3,0,18
BRDA:26,3,1,0
BRDA:31,4,0,0
BRDA:31,4,1,18
BRDA:31,5,0,18
BRDA:31,5,1,0
BRDA:31,5,2,18
BRDA:32,6,0,0
BRDA:32,6,1,0
BRDA:44,7,0,0
BRDA:44,7,1,0
BRDA:50,8,0,0
BRDA:50,8,1,0
BRDA:55,9,0,0
BRDA:55,9,1,0
BRDA:59,10,0,0
BRDA:59,10,1,0
BRDA:60,11,0,0
BRDA:60,11,1,0
BRDA:61,12,0,0
BRDA:61,12,1,0
BRDA:66,13,0,0
BRDA:66,13,1,0
BRDA:66,14,0,0
BRDA:66,14,1,0
BRDA:66,14,2,0
BRDA:67,15,0,0
BRDA:67,15,1,0
BRF:34
BRH:9
end_of_record
TN:
SF:/home/user/vega/projects/glace/glace-video/lib/index.js
FN:15,(anonymous_0)
FN:21,(anonymous_1)
FN:30,(anonymous_2)
FN:39,(anonymous_3)
FNF:4
FNH:4
FNDA:2,(anonymous_0)
FNDA:2,(anonymous_1)
FNDA:2,(anonymous_2)
FNDA:3,(anonymous_3)
DA:10,1
DA:16,2
DA:17,2
DA:22,2
DA:23,2
DA:31,2
DA:32,2
DA:40,3
DA:41,3
LF:9
LH:9
BRDA:16,0,0,2
BRDA:16,0,1,1
BRDA:22,1,0,2
BRDA:22,1,1,1
BRDA:31,2,0,2
BRDA:31,2,1,1
BRDA:40,3,0,3
BRDA:40,3,1,1
BRF:8
BRH:8
end_of_record
TN:
SF:/home/user/vega/projects/glace/glace-video/lib/pluginHelp.js
FN:11,(anonymous_0)
FNF:1
FNH:1
FNDA:1,(anonymous_0)
DA:11,1
DA:12,1
LF:2
LH:2
BRF:0
BRH:0
end_of_record
TN:
SF:/home/user/vega/projects/glace/glace-video/lib/steps.js
FN:28,(anonymous_0)
FN:83,(anonymous_1)
FN:128,(anonymous_2)
FN:166,(anonymous_3)
FN:212,(anonymous_4)
FN:260,(anonymous_5)
FNF:6
FNH:6
FNDA:7,(anonymous_0)
FNDA:6,(anonymous_1)
FNDA:7,(anonymous_2)
FNDA:7,(anonymous_3)
FNDA:6,(anonymous_4)
FNDA:6,(anonymous_5)
DA:9,1
DA:10,1
DA:12,1
DA:13,1
DA:14,1
DA:15,1
DA:16,1
DA:17,1
DA:19,1
DA:20,1
DA:22,1
DA:49,7
DA:50,1
DA:51,1
DA:54,6
DA:55,6
DA:57,6
DA:59,6
DA:61,6
DA:62,6
DA:63,6
DA:65,6
DA:66,6
DA:67,6
DA:69,6
DA:70,5
DA:75,5
DA:77,5
DA:78,5
DA:80,5
DA:100,6
DA:101,1
DA:102,1
DA:105,5
DA:106,5
DA:108,5
DA:109,5
DA:111,5
DA:112,5
DA:114,5
DA:115,4
DA:120,4
DA:122,4
DA:123,4
DA:125,4
DA:141,7
DA:143,7
DA:146,6
DA:147,6
DA:149,6
DA:151,6
DA:152,3
DA:155,2
DA:160,4
DA:161,4
DA:163,4
DA:179,7
DA:180,2
DA:181,2
DA:184,5
DA:185,5
DA:187,5
DA:188,5
DA:190,5
DA:192,5
DA:193,4
DA:198,4
DA:199,4
DA:201,4
DA:213,6
DA:214,6
DA:215,6
DA:219,6
DA:221,3
DA:223,3
DA:226,3
DA:229,2
DA:230,2
DA:231,2
DA:232,0
DA:234,2
DA:235,0
DA:239,3
DA:242,5
DA:243,5
DA:245,5
DA:261,6
DA:263,6
DA:264,6
DA:266,6
DA:267,6
DA:274,1
LF:92
LH:90
BRDA:49,0,0,1
BRDA:49,0,1,6
BRDA:59,1,0,6
BRDA:59,1,1,1
BRDA:69,2,0,5
BRDA:69,2,1,1
BRDA:100,3,0,1
BRDA:100,3,1,5
BRDA:114,4,0,4
BRDA:114,4,1,1
BRDA:151,5,0,3
BRDA:151,5,1,3
BRDA:179,6,0,2
BRDA:179,6,1,5
BRDA:179,7,0,7
BRDA:179,7,1,6
BRDA:192,8,0,4
BRDA:192,8,1,1
BRDA:219,9,0,3
BRDA:219,9,1,3
BRDA:219,10,0,6
BRDA:219,10,1,4
BRDA:229,11,0,0
BRDA:229,11,1,2
BRDA:230,12,0,0
BRDA:230,12,1,2
BRDA:231,13,0,0
BRDA:231,13,1,2
BRDA:234,14,0,0
BRDA:234,14,1,2
BRDA:264,15,0,5
BRDA:264,15,1,1
BRDA:266,16,0,6
BRDA:266,16,1,0
BRF:34
BRH:29
end_of_record
TN:
SF:/home/user/vega/projects/glace/glace-video/lib/video.js
FN:23,(anonymous_0)
FN:48,(anonymous_1)
FN:103,(anonymous_2)
FN:118,(anonymous_3)
FN:121,(anonymous_4)
FN:122,(anonymous_5)
FNF:6
FNH:6
FNDA:15,(anonymous_0)
FNDA:7,(anonymous_1)
FNDA:5,(anonymous_2)
FNDA:6,(anonymous_3)
FNDA:5,(anonymous_4)
FNDA:3,(anonymous_5)
DA:16,1
DA:18,1
DA:19,1
DA:20,1
DA:21,1
DA:23,1
DA:24,15
DA:26,15
DA:27,15
DA:29,15
DA:30,15
DA:32,15
DA:33,15
DA:34,15
DA:48,1
DA:49,7
DA:50,7
DA:51,7
DA:52,7
DA:53,7
DA:54,7
DA:55,7
DA:56,7
DA:58,7
DA:60,3
DA:61,2
DA:62,2
DA:74,4
DA:76,3
DA:77,2
DA:78,1
DA:79,0
DA:81,1
DA:83,2
DA:92,1
DA:103,1
DA:104,5
DA:105,4
DA:106,1
DA:108,3
DA:110,3
DA:118,1
DA:119,6
DA:121,5
DA:122,5
DA:123,3
DA:125,3
DA:126,3
DA:128,5
DA:129,5
DA:130,3
DA:134,1
LF:52
LH:51
BRDA:58,0,0,3
BRDA:58,0,1,4
BRDA:74,1,0,3
BRDA:74,1,1,1
BRDA:76,2,0,2
BRDA:76,2,1,1
BRDA:78,3,0,0
BRDA:78,3,1,1
BRDA:104,4,0,1
BRDA:104,4,1,4
BRDA:105,5,0,1
BRDA:105,5,1,3
BRDA:119,6,0,1
BRDA:119,6,1,5
BRDA:130,7,0,1
BRDA:130,7,1,2
BRF:16
BRH:15
end_of_record
TN:
SF:/home/user/vega/projects/glace/glace-video/lib/fixtures/fxVideo.js
FN:16,(anonymous_0)
FN:28,(anonymous_1)
FN:28,(anonymous_2)
FN:33,(anonymous_3)
FN:33,(anonymous_4)
FNF:5
FNH:5
FNDA:2,(anonymous_0)
FNDA:1,(anonymous_1)
FNDA:1,(anonymous_2)
FNDA:3,(anonymous_3)
FNDA:3,(anonymous_4)
DA:14,1
DA:16,1
DA:18,2
DA:20,2
DA:21,1
DA:23,2
DA:24,2
DA:25,2
DA:28,1
DA:29,1
DA:30,1
DA:33,3
DA:34,3
DA:35,2
DA:36,2
DA:38,2
DA:40,1
DA:42,1
LF:18
LH:18
BRDA:20,0,0,1
BRDA:20,0,1,1
BRDA:20,1,0,2
BRDA:20,1,1,1
BRDA:34,2,0,1
BRDA:34,2,1,2
BRDA:38,3,0,1
BRDA:38,3,1,1
BRDA:38,4,0,2
BRDA:38,4,1,2
BRF:10
BRH:10
end_of_record
TN:
SF:/home/user/vega/projects/glace/glace-video/lib/fixtures/index.js
FNF:0
FNH:0
DA:9,1
LF:1
LH:1
BRF:0
BRH:0
end_of_record
TN:
SF:/home/user/vega/projects/glace/glace-video/tests/e2e/tests.js
FN:3,(anonymous_0)
FN:4,(anonymous_1)
FN:5,(anonymous_2)
FN:11,(anonymous_3)
FN:12,(anonymous_4)
FNF:5
FNH:5
FNDA:1,(anonymous_0)
FNDA:1,(anonymous_1)
FNDA:1,(anonymous_2)
FNDA:1,(anonymous_3)
FNDA:1,(anonymous_4)
DA:3,1
DA:4,1
DA:5,1
DA:6,1
DA:7,1
DA:11,1
DA:12,1
DA:13,1
DA:14,1
LF:9
LH:9
BRF:0
BRH:0
end_of_record
TN:
SF:/home/user/vega/projects/glace/glace-video/tests/unit/testConfig.js
FN:3,(anonymous_0)
FN:4,(anonymous_1)
FN:6,(anonymous_2)
FN:10,(anonymous_3)
FN:14,(anonymous_4)
FNF:5
FNH:5
FNDA:1,(anonymous_0)
FNDA:1,(anonymous_1)
FNDA:1,(anonymous_2)
FNDA:1,(anonymous_3)
FNDA:1,(anonymous_4)
DA:3,1
DA:4,1
DA:6,1
DA:7,1
DA:10,1
DA:11,1
DA:14,1
DA:15,1
LF:8
LH:8
BRF:0
BRH:0
end_of_record
TN:
SF:/home/user/vega/projects/glace/glace-video/tests/unit/testFixtures.js
FN:3,(anonymous_0)
FN:5,(anonymous_1)
FN:10,(anonymous_2)
FN:20,(anonymous_3)
FN:25,(anonymous_4)
FN:27,(anonymous_5)
FN:34,(anonymous_6)
FN:44,(anonymous_7)
FN:56,(anonymous_8)
FN:59,(anonymous_9)
FN:65,(anonymous_10)
FN:73,(anonymous_11)
FN:76,(anonymous_12)
FN:87,(anonymous_13)
FN:93,(anonymous_14)
FN:103,(anonymous_15)
FNF:16
FNH:16
FNDA:1,(anonymous_0)
FNDA:1,(anonymous_1)
FNDA:6,(anonymous_2)
FNDA:6,(anonymous_3)
FNDA:1,(anonymous_4)
FNDA:2,(anonymous_5)
FNDA:1,(anonymous_6)
FNDA:1,(anonymous_7)
FNDA:1,(anonymous_8)
FNDA:1,(anonymous_9)
FNDA:1,(anonymous_10)
FNDA:1,(anonymous_11)
FNDA:3,(anonymous_12)
FNDA:1,(anonymous_13)
FNDA:1,(anonymous_14)
FNDA:1,(anonymous_15)
DA:3,1
DA:5,1
DA:7,1
DA:8,1
DA:10,1
DA:11,6
DA:20,1
DA:21,6
DA:22,6
DA:25,1
DA:27,1
DA:28,2
DA:29,2
DA:30,2
DA:31,2
DA:34,1
DA:35,1
DA:36,1
DA:37,1
DA:38,1
DA:39,1
DA:40,1
DA:41,1
DA:44,1
DA:45,1
DA:46,1
DA:47,1
DA:48,1
DA:49,1
DA:50,1
DA:51,1
DA:52,1
DA:56,1
DA:57,1
DA:59,1
DA:60,1
DA:61,1
DA:62,1
DA:65,1
DA:66,1
DA:67,1
DA:68,1
DA:69,1
DA:73,1
DA:74,1
DA:76,1
DA:77,3
DA:78,3
DA:79,3
DA:80,3
DA:81,3
DA:84,3
DA:87,1
DA:88,1
DA:89,1
DA:90,1
DA:93,1
DA:94,1
DA:95,1
DA:96,1
DA:97,1
DA:98,1
DA:99,1
DA:100,1
DA:103,1
DA:104,1
DA:105,1
DA:106,1
DA:107,1
DA:108,1
DA:109,1
DA:110,1
LF:72
LH:72
BRF:0
BRH:0
end_of_record
TN:
SF:/home/user/vega/projects/glace/glace-video/tests/unit/testLazyImport.js
FN:6,(anonymous_0)
FN:8,(anonymous_1)
FN:10,(anonymous_2)
FN:14,(anonymous_3)
FN:18,(anonymous_4)
FN:22,(anonymous_5)
FN:26,(anonymous_6)
FNF:7
FNH:7
FNDA:1,(anonymous_0)
FNDA:1,(anonymous_1)
FNDA:1,(anonymous_2)
FNDA:1,(anonymous_3)
FNDA:1,(anonymous_4)
FNDA:1,(anonymous_5)
FNDA:1,(anonymous_6)
DA:3,1
DA:4,1
DA:6,1
DA:8,1
DA:10,1
DA:11,1
DA:14,1
DA:15,1
DA:18,1
DA:19,1
DA:22,1
DA:23,1
DA:26,1
DA:27,1
LF:14
LH:14
BRF:0
BRH:0
end_of_record
TN:
SF:/home/user/vega/projects/glace/glace-video/tests/unit/testPluginHelp.js
FN:5,(anonymous_0)
FN:7,(anonymous_1)
FN:9,(anonymous_2)
FN:9,(anonymous_3)
FN:11,(anonymous_4)
FN:15,(anonymous_5)
FNF:6
FNH:6
FNDA:1,(anonymous_0)
FNDA:1,(anonymous_1)
FNDA:1,(anonymous_2)
FNDA:2,(anonymous_3)
FNDA:1,(anonymous_4)
FNDA:1,(anonymous_5)
DA:3,1
DA:5,1
DA:7,1
DA:9,2
DA:11,1
DA:12,1
DA:15,1
DA:16,1
LF:8
LH:8
BRF:0
BRH:0
end_of_record
TN:
SF:/home/user/vega/projects/glace/glace-video/tests/unit/testSteps.js
FN:9,(anonymous_0)
FN:12,(anonymous_1)
FN:13,(anonymous_2)
FN:27,(anonymous_3)
FN:29,(anonymous_4)
FN:36,(anonymous_5)
FN:42,the_same
FN:43,the_new
FN:44,(anonymous_8)
FN:49,(anonymous_9)
FN:50,(anonymous_10)
FN:70,(anonymous_11)
FN:75,(anonymous_12)
FN:81,(anonymous_13)
FN:83,(anonymous_14)
FN:90,(anonymous_15)
FN:96,(anonymous_16)
FN:103,(anonymous_17)
FN:112,(anonymous_18)
FN:119,(anonymous_19)
FN:121,(anonymous_20)
FN:126,(anonymous_21)
FN:128,(anonymous_22)
FN:131,(anonymous_23)
FN:135,(anonymous_24)
FN:141,(anonymous_25)
FN:143,(anonymous_26)
FN:146,(anonymous_27)
FN:148,(anonymous_28)
FN:152,(anonymous_29)
FN:154,(anonymous_30)
FN:162,(anonymous_31)
FN:168,(anonymous_32)
FN:174,(anonymous_33)
FN:184,(anonymous_34)
FN:189,(anonymous_35)
FN:190,(anonymous_36)
FN:194,(anonymous_37)
FN:196,(anonymous_38)
FN:199,(anonymous_39)
FN:202,(anonymous_40)
FN:205,(anonymous_41)
FN:209,(anonymous_42)
FN:217,(anonymous_43)
FN:218,(anonymous_44)
FN:226,(anonymous_45)
FN:235,(anonymous_46)
FN:244,(anonymous_47)
FN:246,(anonymous_48)
FN:250,(anonymous_49)
FN:258,(anonymous_50)
FN:259,(anonymous_51)
FN:265,(anonymous_52)
FNF:53
FNH:52
FNDA:1,(anonymous_0)
FNDA:27,(anonymous_1)
FNDA:108,(anonymous_2)
FNDA:1,(anonymous_3)
FNDA:5,(anonymous_4)
FNDA:1,(anonymous_5)
FNDA:1,the_same
FNDA:1,the_new
FNDA:0,(anonymous_8)
FNDA:2,(anonymous_9)
FNDA:2,(anonymous_10)
FNDA:1,(anonymous_11)
FNDA:1,(anonymous_12)
FNDA:1,(anonymous_13)
FNDA:4,(anonymous_14)
FNDA:1,(anonymous_15)
FNDA:1,(anonymous_16)
FNDA:1,(anonymous_17)
FNDA:1,(anonymous_18)
FNDA:1,(anonymous_19)
FNDA:5,(anonymous_20)
FNDA:1,(anonymous_21)
FNDA:1,(anonymous_22)
FNDA:1,(anonymous_23)
FNDA:1,(anonymous_24)
FNDA:1,(anonymous_25)
FNDA:1,(anonymous_26)
FNDA:1,(anonymous_27)
FNDA:1,(anonymous_28)
FNDA:1,(anonymous_29)
FNDA:5,(anonymous_30)
FNDA:1,(anonymous_31)
FNDA:1,(anonymous_32)
FNDA:1,(anonymous_33)
FNDA:1,(anonymous_34)
FNDA:1,(anonymous_35)
FNDA:1,(anonymous_36)
FNDA:1,(anonymous_37)
FNDA:4,(anonymous_38)
FNDA:2,(anonymous_39)
FNDA:2,(anonymous_40)
FNDA:2,(anonymous_41)
FNDA:1,(anonymous_42)
FNDA:1,(anonymous_43)
FNDA:1,(anonymous_44)
FNDA:1,(anonymous_45)
FNDA:1,(anonymous_46)
FNDA:1,(anonymous_47)
FNDA:4,(anonymous_48)
FNDA:1,(anonymous_49)
FNDA:2,(anonymous_50)
FNDA:2,(anonymous_51)
FNDA:1,(anonymous_52)
DA:3,1
DA:5,1
DA:7,1
DA:9,1
DA:12,1
DA:13,108
DA:14,27
DA:15,27
DA:16,27
DA:22,27
DA:27,1
DA:29,1
DA:30,5
DA:31,5
DA:33,5
DA:36,1
DA:37,1
DA:38,1
DA:39,1
DA:42,1
DA:44,1
DA:45,0
DA:46,0
DA:47,0
DA:50,2
DA:51,2
DA:53,2
DA:55,2
DA:56,2
DA:58,2
DA:59,2
DA:60,2
DA:61,2
DA:62,2
DA:64,2
DA:65,2
DA:66,2
DA:70,1
DA:71,1
DA:72,1
DA:75,1
DA:76,1
DA:77,1
DA:81,1
DA:83,1
DA:84,4
DA:85,4
DA:86,4
DA:87,4
DA:90,1
DA:91,1
DA:92,1
DA:93,1
DA:96,1
DA:97,1
DA:98,1
DA:99,1
DA:100,1
DA:103,1
DA:104,1
DA:105,1
DA:107,1
DA:108,1
DA:109,1
DA:112,1
DA:113,1
DA:114,1
DA:119,1
DA:121,1
DA:122,5
DA:123,5
DA:126,1
DA:127,1
DA:128,1
DA:131,1
DA:132,1
DA:135,1
DA:136,1
DA:137,1
DA:141,1
DA:142,1
DA:143,1
DA:146,1
DA:147,1
DA:148,1
DA:152,1
DA:154,1
DA:155,5
DA:156,5
DA:162,1
DA:163,1
DA:164,1
DA:165,1
DA:168,1
DA:169,1
DA:170,1
DA:171,1
DA:174,1
DA:175,1
DA:176,1
DA:177,1
DA:179,1
DA:180,1
DA:181,1
DA:184,1
DA:185,1
DA:186,1
DA:189,1
DA:190,1
DA:194,1
DA:196,1
DA:197,4
DA:198,4
DA:200,2
DA:203,2
DA:205,2
DA:209,1
DA:210,1
DA:211,1
DA:212,1
DA:213,1
DA:214,1
DA:217,1
DA:218,1
DA:219,1
DA:220,1
DA:221,1
DA:222,1
DA:223,1
DA:226,1
DA:227,1
DA:228,1
DA:229,1
DA:230,1
DA:231,1
DA:232,1
DA:235,1
DA:236,1
DA:239,1
DA:244,1
DA:246,1
DA:247,4
DA:250,1
DA:251,1
DA:252,1
DA:254,1
DA:255,1
DA:258,1
DA:259,2
DA:260,2
DA:261,2
DA:265,1
DA:266,1
DA:267,1
DA:268,1
LF:155
LH:152
BRF:0
BRH:0
end_of_record
TN:
SF:/home/user/vega/projects/glace/glace-video/tests/unit/testVideo.js
FN:9,(anonymous_0)
FN:12,(anonymous_1)
FN:20,(anonymous_2)
FN:22,(anonymous_3)
FN:26,(anonymous_4)
FN:31,(anonymous_5)
FN:33,(anonymous_6)
FN:46,(anonymous_7)
FN:67,(anonymous_8)
FN:68,(anonymous_9)
FN:71,(anonymous_10)
FN:74,(anonymous_11)
FN:77,(anonymous_12)
FN:81,(anonymous_13)
FN:83,(anonymous_14)
FN:88,(anonymous_15)
FN:90,(anonymous_16)
FN:96,(anonymous_17)
FN:98,(anonymous_18)
FN:101,(anonymous_19)
FN:110,(anonymous_20)
FN:112,(anonymous_21)
FN:117,(anonymous_22)
FN:122,(anonymous_23)
FN:123,(anonymous_24)
FN:130,(anonymous_25)
FN:131,(anonymous_26)
FN:138,(anonymous_27)
FNF:28
FNH:28
FNDA:1,(anonymous_0)
FNDA:14,(anonymous_1)
FNDA:1,(anonymous_2)
FNDA:1,(anonymous_3)
FNDA:1,(anonymous_4)
FNDA:1,(anonymous_5)
FNDA:1,(anonymous_6)
FNDA:1,(anonymous_7)
FNDA:1,(anonymous_8)
FNDA:1,(anonymous_9)
FNDA:1,(anonymous_10)
FNDA:1,(anonymous_11)
FNDA:1,(anonymous_12)
FNDA:1,(anonymous_13)
FNDA:1,(anonymous_14)
FNDA:1,(anonymous_15)
FNDA:1,(anonymous_16)
FNDA:1,(anonymous_17)
FNDA:1,(anonymous_18)
FNDA:1,(anonymous_19)
FNDA:1,(anonymous_20)
FNDA:4,(anonymous_21)
FNDA:1,(anonymous_22)
FNDA:1,(anonymous_23)
FNDA:2,(anonymous_24)
FNDA:1,(anonymous_25)
FNDA:2,(anonymous_26)
FNDA:1,(anonymous_27)
DA:3,1
DA:5,1
DA:7,1
DA:9,1
DA:12,1
DA:13,14
DA:20,1
DA:22,1
DA:23,1
DA:26,1
DA:27,1
DA:31,1
DA:33,1
DA:34,1
DA:35,1
DA:36,1
DA:46,1
DA:47,1
DA:56,1
DA:57,1
DA:67,1
DA:68,1
DA:69,1
DA:71,1
DA:74,1
DA:75,1
DA:76,1
DA:77,1
DA:81,1
DA:82,1
DA:83,1
DA:88,1
DA:90,1
DA:91,1
DA:92,1
DA:93,1
DA:96,1
DA:97,1
DA:98,1
DA:101,1
DA:102,1
DA:103,1
DA:104,1
DA:105,1
DA:106,1
DA:110,1
DA:112,1
DA:113,4
DA:114,4
DA:117,1
DA:118,1
DA:119,1
DA:122,1
DA:123,1
DA:124,2
DA:126,1
DA:127,1
DA:130,1
DA:131,1
DA:132,2
DA:134,1
DA:135,1
DA:138,1
DA:139,1
DA:140,1
DA:141,1
DA:142,1
LF:67
LH:67
BRDA:124,0,0,1
BRDA:124,0,1,1
BRDA:132,1,0,1
BRDA:132,1,1,1
BRF:4
BRH:4
end_of_record
